{"numTotalTestSuites":6,"numPassedTestSuites":4,"numFailedTestSuites":2,"numPendingTestSuites":0,"numTotalTests":3,"numPassedTests":2,"numFailedTests":1,"numPendingTests":0,"numTodoTests":0,"snapshot":{"added":0,"failure":false,"filesAdded":0,"filesRemoved":0,"filesRemovedList":[],"filesUnmatched":0,"filesUpdated":0,"matched":0,"total":0,"unchecked":0,"uncheckedKeysByFile":[],"unmatched":0,"updated":0,"didUpdate":false},"startTime":1757776559113,"success":false,"testResults":[{"assertionResults":[{"ancestorTitles":["AuthForm mode switching"],"fullName":"AuthForm mode switching switches from login to register and back","status":"passed","title":"switches from login to register and back","duration":489.4497000000001,"failureMessages":[],"meta":{}}],"startTime":1757776562887,"endTime":1757776563376.4497,"status":"passed","message":"","name":"C:/Users/User/Desktop/PORTFOLIO GITHUB/Landing page/src/__tests__/AuthForm.mode.test.tsx"},{"assertionResults":[{"ancestorTitles":["AuthForm password strength"],"fullName":"AuthForm password strength updates strength meter when typing password in register mode","status":"passed","title":"updates strength meter when typing password in register mode","duration":398.6644000000001,"failureMessages":[],"meta":{}}],"startTime":1757776562888,"endTime":1757776563286.6643,"status":"passed","message":"","name":"C:/Users/User/Desktop/PORTFOLIO GITHUB/Landing page/src/__tests__/AuthForm.password.test.tsx"},{"assertionResults":[{"ancestorTitles":["AuthForm session expiration"],"fullName":"AuthForm session expiration session expires after short duration with fake timers","status":"failed","title":"session expires after short duration with fake timers","duration":5012.8187,"failureMessages":["Error: STACK_TRACE_ERROR\n    at task (file:///C:/Users/User/Desktop/PORTFOLIO%20GITHUB/Landing%20page/node_modules/@vitest/runner/dist/chunk-hooks.js:638:27)\n    at Object.<anonymous> (file:///C:/Users/User/Desktop/PORTFOLIO%20GITHUB/Landing%20page/node_modules/@vitest/runner/dist/chunk-hooks.js:662:16)\n    at Object.<anonymous> (file:///C:/Users/User/Desktop/PORTFOLIO%20GITHUB/Landing%20page/node_modules/@vitest/runner/dist/chunk-hooks.js:458:28)\n    at chain (file:///C:/Users/User/Desktop/PORTFOLIO%20GITHUB/Landing%20page/node_modules/@vitest/runner/dist/chunk-hooks.js:369:14)\n    at C:\\Users\\User\\Desktop\\PORTFOLIO GITHUB\\Landing page\\src\\__tests__\\AuthForm.session.test.tsx:10:3\n    at file:///C:/Users/User/Desktop/PORTFOLIO%20GITHUB/Landing%20page/node_modules/@vitest/runner/dist/chunk-hooks.js:734:40\n    at runWithSuite (file:///C:/Users/User/Desktop/PORTFOLIO%20GITHUB/Landing%20page/node_modules/@vitest/runner/dist/chunk-hooks.js:1849:8)\n    at Object.collect (file:///C:/Users/User/Desktop/PORTFOLIO%20GITHUB/Landing%20page/node_modules/@vitest/runner/dist/chunk-hooks.js:734:10)\n    at Object.collect (file:///C:/Users/User/Desktop/PORTFOLIO%20GITHUB/Landing%20page/node_modules/@vitest/runner/dist/chunk-hooks.js:738:54)\n    at processTicksAndRejections (node:internal/process/task_queues:105:5)\n    at collectTests (file:///C:/Users/User/Desktop/PORTFOLIO%20GITHUB/Landing%20page/node_modules/@vitest/runner/dist/chunk-hooks.js:1179:25)\n    at startTests (file:///C:/Users/User/Desktop/PORTFOLIO%20GITHUB/Landing%20page/node_modules/@vitest/runner/dist/chunk-hooks.js:1817:17)\n    at file:///C:/Users/User/Desktop/PORTFOLIO%20GITHUB/Landing%20page/node_modules/vitest/dist/chunks/runBaseTests.9Ij9_de-.js:117:26\n    at withEnv (file:///C:/Users/User/Desktop/PORTFOLIO%20GITHUB/Landing%20page/node_modules/vitest/dist/chunks/runBaseTests.9Ij9_de-.js:84:3)\n    at run (file:///C:/Users/User/Desktop/PORTFOLIO%20GITHUB/Landing%20page/node_modules/vitest/dist/chunks/runBaseTests.9Ij9_de-.js:109:2)"],"meta":{}}],"startTime":1757776562889,"endTime":1757776567901.8186,"status":"failed","message":"","name":"C:/Users/User/Desktop/PORTFOLIO GITHUB/Landing page/src/__tests__/AuthForm.session.test.tsx"}]}