{"numTotalTestSuites":2,"numPassedTestSuites":0,"numFailedTestSuites":2,"numPendingTestSuites":0,"numTotalTests":2,"numPassedTests":1,"numFailedTests":1,"numPendingTests":0,"numTodoTests":0,"snapshot":{"added":0,"failure":false,"filesAdded":0,"filesRemoved":0,"filesRemovedList":[],"filesUnmatched":0,"filesUpdated":0,"matched":0,"total":0,"unchecked":0,"uncheckedKeysByFile":[],"unmatched":0,"updated":0,"didUpdate":false},"startTime":1757786731292,"success":false,"testResults":[{"assertionResults":[{"ancestorTitles":["AuthForm edge/error cases"],"fullName":"AuthForm edge/error cases invalid email shows error","status":"passed","title":"invalid email shows error","duration":373.77019999999993,"failureMessages":[],"meta":{}},{"ancestorTitles":["AuthForm edge/error cases"],"fullName":"AuthForm edge/error cases login with wrong credentials shows error","status":"failed","title":"login with wrong credentials shows error","duration":1128.7206999999999,"failureMessages":["Error: Unable to find an element with the text: /Credenciales inválidas o usuario no registrado\\./i. This could be because the text is broken up by multiple elements. In this case, you can provide a function for your text matcher to make your matcher more flexible.\n\nIgnored nodes: comments, script, style\n\u001b[36m<body>\u001b[39m\n  \u001b[36m<div>\u001b[39m\n    \u001b[36m<div\u001b[39m\n      \u001b[33maria-live\u001b[39m=\u001b[32m\"polite\"\u001b[39m\n      \u001b[33mclass\u001b[39m=\u001b[32m\"auth-form-wrapper\"\u001b[39m\n    \u001b[36m>\u001b[39m\n      \u001b[36m<div\u001b[39m\n        \u001b[33mclass\u001b[39m=\u001b[32m\"auth-form-inner\"\u001b[39m\n      \u001b[36m>\u001b[39m\n        \u001b[36m<div\u001b[39m\n          \u001b[33mclass\u001b[39m=\u001b[32m\"auth-form-header\"\u001b[39m\n        \u001b[36m>\u001b[39m\n          \u001b[36m<div\u001b[39m\n            \u001b[33maria-label\u001b[39m=\u001b[32m\"Brand\"\u001b[39m\n            \u001b[33mclass\u001b[39m=\u001b[32m\"brand-badge\"\u001b[39m\n          \u001b[36m>\u001b[39m\n            \u001b[36m<svg\u001b[39m\n              \u001b[33maria-hidden\u001b[39m=\u001b[32m\"true\"\u001b[39m\n              \u001b[33mfill\u001b[39m=\u001b[32m\"none\"\u001b[39m\n              \u001b[33mstroke\u001b[39m=\u001b[32m\"currentColor\"\u001b[39m\n              \u001b[33mstroke-linecap\u001b[39m=\u001b[32m\"round\"\u001b[39m\n              \u001b[33mstroke-linejoin\u001b[39m=\u001b[32m\"round\"\u001b[39m\n              \u001b[33mstroke-width\u001b[39m=\u001b[32m\"2\"\u001b[39m\n              \u001b[33mviewBox\u001b[39m=\u001b[32m\"0 0 24 24\"\u001b[39m\n            \u001b[36m>\u001b[39m\n              \u001b[36m<circle\u001b[39m\n                \u001b[33mcx\u001b[39m=\u001b[32m\"12\"\u001b[39m\n                \u001b[33mcy\u001b[39m=\u001b[32m\"12\"\u001b[39m\n                \u001b[33mr\u001b[39m=\u001b[32m\"4\"\u001b[39m\n              \u001b[36m/>\u001b[39m\n              \u001b[36m<path\u001b[39m\n                \u001b[33md\u001b[39m=\u001b[32m\"M12 2v3m0 14v3m10-10h-3M5 12H2m15.07 6.07-2.12-2.12M9.05 9.05 6.93 6.93m0 10.14 2.12-2.12m6.02-6.02 2.12-2.12\"\u001b[39m\n              \u001b[36m/>\u001b[39m\n            \u001b[36m</svg>\u001b[39m\n            \u001b[0mAUTH\u001b[0m\n          \u001b[36m</div>\u001b[39m\n          \u001b[36m<div\u001b[39m\n            \u001b[33mclass\u001b[39m=\u001b[32m\"header-right\"\u001b[39m\n          \u001b[36m>\u001b[39m\n            \u001b[36m<span\u001b[39m\n              \u001b[33maria-label\u001b[39m=\u001b[32m\"Avatar de vista previa\"\u001b[39m\n              \u001b[33mclass\u001b[39m=\u001b[32m\"form-avatar\"\u001b[39m\n              \u001b[33mdata-color\u001b[39m=\u001b[32m\"hsl(68 65% 55%)\"\u001b[39m\n            \u001b[36m>\u001b[39m\n              \u001b[0mN\u001b[0m\n            \u001b[36m</span>\u001b[39m\n            \u001b[36m<div\u001b[39m\n              \u001b[33mclass\u001b[39m=\u001b[32m\"mode-switch\"\u001b[39m\n            \u001b[36m>\u001b[39m\n              \u001b[36m<span\u001b[39m\n                \u001b[33mclass\u001b[39m=\u001b[32m\"alt-text\"\u001b[39m\n              \u001b[36m>\u001b[39m\n                \u001b[0m¿Ya tienes cuenta? \u001b[0m\n                \u001b[36m<button\u001b[39m\n                  \u001b[33mclass\u001b[39m=\u001b[32m\"link\"\u001b[39m\n                  \u001b[33mtype\u001b[39m=\u001b[32m\"button\"\u001b[39m\n                \u001b[36m>\u001b[39m\n                  \u001b[0mInicia sesión\u001b[0m\n                \u001b[36m</button>\u001b[39m\n              \u001b[36m</span>\u001b[39m\n            \u001b[36m</div>\u001b[39m\n          \u001b[36m</div>\u001b[39m\n        \u001b[36m</div>\u001b[39m\n        \u001b[36m<h1\u001b[39m\n          \u001b[33mclass\u001b[39m=\u001b[32m\"title\"\u001b[39m\n        \u001b[36m>\u001b[39m\n          \u001b[0mCreate Account\u001b[0m\n        \u001b[36m</h1>\u001b[39m\n        \u001b[36m<p\u001b[39m\n          \u001b[33mclass\u001b[39m=\u001b[32m\"subtitle\"\u001b[39m\n        \u001b[36m>\u001b[39m\n          \u001b[0mJoin us and explore la plataforma.\u001b[0m\n        \u001b[36m</p>\u001b[39m\n        \u001b[36m<div\u001b[39m\n          \u001b[33mclass\u001b[39m=\u001b[32m\"session-duration-row\"\u001b[39m\n        \u001b[36m>\u001b[39m\n          \u001b[36m<label\u001b[39m\n            \u001b[33mfor\u001b[39m=\u001b[32m\"sessionDuration\"\u001b[39m\n          \u001b[36m>\u001b[39m\n            \u001b[0mDuración sesión\u001b[0m\n          \u001b[36m</label>\u001b[39m\n          \u001b[36m<select\u001b[39m\n            \u001b[33mid\u001b[39m=\u001b[32m\"sessionDuration\"\u001b[39m\n          \u001b[36m>\u001b[39m\n            \u001b[36m<option\u001b[39m\n              \u001b[33mvalue\u001b[39m=\u001b[32m\"300000\"\u001b[39m\n            \u001b[36m>\u001b[39m\n              \u001b[0m5 min\u001b[0m\n            \u001b[36m</option>\u001b[39m\n            \u001b[36m<option\u001b[39m\n              \u001b[33mvalue\u001b[39m=\u001b[32m\"600000\"\u001b[39m\n            \u001b[36m>\u001b[39m\n              \u001b[0m10 min\u001b[0m\n            \u001b[36m</option>\u001b[39m\n            \u001b[36m<option\u001b[39m\n              \u001b[33mvalue\u001b[39m=\u001b[32m\"900000\"\u001b[39m\n            \u001b[36m>\u001b[39m\n              \u001b[0m15 min\u001b[0m\n            \u001b[36m</option>\u001b[39m\n            \u001b[36m<option\u001b[39m\n              \u001b[33mvalue\u001b[39m=\u001b[32m\"1800000\"\u001b[39m\n            \u001b[36m>\u001b[39m\n              \u001b[0m30 min\u001b[0m\n            \u001b[36m</option>\u001b[39m\n            \u001b[36m<option\u001b[39m\n              \u001b[33mvalue\u001b[39m=\u001b[32m\"3600000\"\u001b[39m\n            \u001b[36m>\u001b[39m\n              \u001b[0m60 min\u001b[0m\n            \u001b[36m</option>\u001b[39m\n          \u001b[36m</select>\u001b[39m\n          \u001b[36m<span\u001b[39m\n            \u001b[33mclass\u001b[39m=\u001b[32m\"hint\"\u001b[39m\n          \u001b[36m>\u001b[39m\n            \u001b[0mAplicará al próximo inicio de sesión\u001b[0m\n          \u001b[36m</span>\u001b[39m\n        \u001b[36m</div>\u001b[39m\n        \u001b[36m<form\u001b[39m\n          \u001b[33mclass\u001b[39m=\u001b[32m\"auth-form\"\u001b[39m\n          \u001b[33mnovalidate\u001b[39m=\u001b[32m\"\"\u001b[39m\n        \u001b[36m>\u001b[39m\n          \u001b[36m<div\u001b[39m\n            \u001b[33mclass\u001b[39m=\u001b[32m\"field-group \"\u001b[39m\n          \u001b[36m>\u001b[39m\n            \u001b[36m<label\u001b[39m\n              \u001b[33mfor\u001b[39m=\u001b[32m\"username\"\u001b[39m\n            \u001b[36m>\u001b[39m\n              \u001b[0mUsername o Email\u001b[0m\n            \u001b[36m</label>\u001b[39m\n            \u001b[36m<input\u001b[39m\n              \u001b[33mid\u001b[39m=\u001b[32m\"username\"\u001b[39m\n              \u001b[33mplaceholder\u001b[39m=\u001b[32m\"Username o Email\"\u001b[39m\n              \u001b[33mtype\u001b[39m=\u001b[32m\"text\"\u001b[39m\n              \u001b[33mvalue\u001b[39m=\u001b[32m\"nouser\"\u001b[39m\n            \u001b[36m/>\u001b[39m\n          \u001b[36m</div>\u001b[39m\n          \u001b[36m<div\u001b[39m\n            \u001b[33mclass\u001b[39m=\u001b[32m\"field-group has-error\"\u001b[39m\n          \u001b[36m>\u001b[39m\n            \u001b[36m<label\u001b[39m\n              \u001b[33mfor\u001b[39m=\u001b[32m\"email\"\u001b[39m\n            \u001b[36m>\u001b[39m\n              \u001b[0mEmail\u001b[0m\n            \u001b[36m</label>\u001b[39m\n            \u001b[36m<input\u001b[39m\n              \u001b[33maria-describedby\u001b[39m=\u001b[32m\"err-email\"\u001b[39m\n              \u001b[33maria-invalid\u001b[39m=\u001b[32m\"true\"\u001b[39m\n              \u001b[33mid\u001b[39m=\u001b[32m\"email\"\u001b[39m\n              \u001b[33mplaceholder\u001b[39m=\u001b[32m\"you@example.com\"\u001b[39m\n              \u001b[33mtype\u001b[39m=\u001b[32m\"email\"\u001b[39m\n              \u001b[33mvalue\u001b[39m=\u001b[32m\"\"\u001b[39m\n            \u001b[36m/>\u001b[39m\n            \u001b[36m<span\u001b[39m\n              \u001b[33mclass\u001b[39m=\u001b[32m\"error-msg\"\u001b[39m\n              \u001b[33mid\u001b[39m=\u001b[32m\"err-email\"\u001b[39m\n            \u001b[36m>\u001b[39m\n              \u001b[0mEmail requerido\u001b[0m\n            \u001b[36m</span>\u001b[39m\n          \u001b[36m</div>\u001b[39m\n          \u001b[36m<div\u001b[39m\n            \u001b[33mclass\u001b[39m=\u001b[32m\"field-group \"\u001b[39m\n          \u001b[36m>\u001b[39m\n            \u001b[36m<label\u001b[39m\n              \u001b[33mfor\u001b[39m=\u001b[32m\"password\"\u001b[39m\n            \u001b[36m>\u001b[39m\n              \u001b[0mPassword\u001b[0m\n            \u001b[36m</label>\u001b[39m\n            \u001b[36m<div\u001b[39m\n              \u001b[33mclass\u001b[39m=\u001b[32m\"password-wrapper\"\u001b[39m\n            \u001b[36m>\u001b[39m\n              \u001b[36m<input\u001b[39m\n                \u001b[33mid\u001b[39m=\u001b[32m\"password\"\u001b[39m\n                \u001b[33mplaceholder\u001b[39m=\u001b[32m\"••••••••\"\u001b[39m\n                \u001b[33mtype\u001b[39m=\u001b[32m\"password\"\u001b[39m\n                \u001b[33mvalue\u001b[39m=\u001b[32m\"wrongpass\"\u001b[39m\n              \u001b[36m/>\u001b[39m\n              \u001b[36m<button\u001b[39m\n                \u001b[33maria-label\u001b[39m=\u001b[32m\"Mostrar contraseña\"\u001b[39m\n                \u001b[33mclass\u001b[39m=\u001b[32m\"eye-btn\"\u001b[39m\n                \u001b[33mtype\u001b[39m=\u001b[32m\"button\"\u001b[39m\n              \u001b[36m>\u001b[39m\n                \u001b[36m<span\u001b[39m\n                  \u001b[33maria-hidden\u001b[39m=\u001b[32m\"true\"\u001b[39m\n                \u001b[36m>\u001b[39m\n                  \u001b[36m<svg\u001b[39m\n                    \u001b[33mfill\u001b[39m=\u001b[32m\"none\"\u001b[39m\n                    \u001b[33mheight\u001b[39m=\u001b[32m\"22\"\u001b[39m\n                    \u001b[33mviewBox\u001b[39m=\u001b[32m\"0 0 22 22\"\u001b[39m\n                    \u001b[33mwidth\u001b[39m=\u001b[32m\"22\"\u001b[39m\n                    \u001b[33mxmlns\u001b[39m=\u001b[32m\"http://www.w3.org/2000/svg\"\u001b[39m\n                  \u001b[36m>\u001b[39m\n                    \u001b[36m<path\u001b[39m\n                      \u001b[33md\u001b[39m=\u001b[32m\"M1 11C3.5 5.5 8 3 11 3C14 3 18.5 5.5 21 11C18.5 16.5 14 19 11 19C8 19 3.5 16.5 1 11Z\"\u001b[39m\n                      \u001b[33mfill\u001b[39m=\u001b[32m\"none\"\u001b[39m\n                      \u001b[33mstroke\u001b[39m=\u001b[32m\"#566072\"\u001b[39m\n                      \u001b[33mstroke-width\u001b[39m=\u001b[32m\"2\"\u001b[39m\n                    \u001b[36m/>\u001b[39m\n                    \u001b[36m<circle\u001b[39m\n                      \u001b[33mcx\u001b[39m=\u001b[32m\"11\"\u001b[39m\n                      \u001b[33mcy\u001b[39m=\u001b[32m\"11\"\u001b[39m\n                      \u001b[33mfill\u001b[39m=\u001b[32m\"none\"\u001b[39m\n                      \u001b[33mr\u001b[39m=\u001b[32m\"4\"\u001b[39m\n                      \u001b[33mstroke\u001b[39m=\u001b[32m\"#566072\"\u001b[39m\n                      \u001b[33mstroke-width\u001b[39m=\u001b[32m\"2\"\u001b[39m\n                    \u001b[36m/>\u001b[39m\n                    \u001b[36m<line\u001b[39m\n                      \u001b[33mstroke\u001b[39m=\u001b[32m\"#566072\"\u001b[39m\n                      \u001b[33mstroke-width\u001b[39m=\u001b[32m\"2\"\u001b[39m\n                      \u001b[33mx1\u001b[39m=\u001b[32m\"5\"\u001b[39m\n                      \u001b[33mx2\u001b[39m=\u001b[32m\"17\"\u001b[39m\n                      \u001b[33my1\u001b[39m=\u001b[32m\"17\"\u001b[39m\n                      \u001b[33my2\u001b[39m=\u001b[32m\"5\"\u001b[39m\n                    \u001b[36m/>\u001b[39m\n                  \u001b[36m</svg>\u001b[39m\n                \u001b[36m</span>\u001b[39m\n              \u001b[36m</button>\u001b[39m\n            \u001b[36m</div>\u001b[39m\n            \u001b[36m<div\u001b[39m\n              \u001b[33maria-live\u001b[39m=\u001b[32m\"polite\"\u001b[39m\n              \u001b[33mclass\u001b[39m=\u001b[32m\"pw-meter\"\u001b[39m\n            \u001b[36m>\u001b[39m\n              \u001b[36m<div\u001b[39m\n                \u001b[33mclass\u001b[39m=\u001b[32m\"pw-bar\"\u001b[39m\n                \u001b[33mdata-score\u001b[39m=\u001b[32m\"1\"\u001b[39m\n              \u001b[36m>\u001b[39m\n                \u001b[36m<span\u001b[39m\n                  \u001b[33mdata-pw-width\u001b[39m=\u001b[32m\"1\"\u001b[39m\n                \u001b[36m/>\u001b[39m\n              \u001b[36m</div>\u001b[39m\n              \u001b[36m<div\u001b[39m\n                \u001b[33mclass\u001b[39m=\u001b[32m\"pw-label\"\u001b[39m\n              \u001b[36m>\u001b[39m\n                \u001b[0mFortaleza: \u001b[0m\n                \u001b[0mDébil\u001b[0m\n              \u001b[36m</div>\u001b[39m\n              \u001b[36m<ul\u001b[39m\n                \u001b[33maria-label\u001b[39m=\u001b[32m\"Criterios contraseña\"\u001b[39m\n                \u001b[33mclass\u001b[39m=\u001b[32m\"pw-criteria\"\u001b[39m\n              \u001b[36m>\u001b[39m\n                \u001b[36m<li\u001b[39m\n                  \u001b[33mclass\u001b[39m=\u001b[32m\"ok\"\u001b[39m\n                \u001b[36m>\u001b[39m\n                  \u001b[0m✓\u001b[0m\n                  \u001b[0m 6+ chars\u001b[0m\n                \u001b[36m</li>\u001b[39m\n                \u001b[36m<li\u001b[39m\n                  \u001b[33mclass\u001b[39m=\u001b[32m\"pending\"\u001b[39m\n                \u001b[36m>\u001b[39m\n                  \u001b[0m•\u001b[0m\n                  \u001b[0m Mayúscula\u001b[0m\n                \u001b[36m</li>\u001b[39m\n                \u001b[36m<li\u001b[39m\n                  \u001b[33mclass\u001b[39m=\u001b[32m\"pending\"\u001b[39m\n                \u001b[36m>\u001b[39m\n                  \u001b[0m•\u001b[0m\n                  \u001b[0m 10+ chars\u001b[0m\n                \u001b[36m</li>\u001b[39m\n                \u001b[36m<li\u001b[39m\n                  \u001b[33mclass\u001b[39m=\u001b[32m\"pending\"\u001b[39m\n                \u001b[36m>\u001b[39m\n                  \u001b[0m•\u001b[0m\n                  \u001b[0m Número\u001b[0m\n                \u001b[36m</li>\u001b[39m\n                \u001b[36m<li\u001b[39m\n                  \u001b[33mclass\u001b[39m=\u001b[32m\"pending\"\u001b[39m\n                \u001b[36m>\u001b[39m\n                  \u001b[0m•\u001b[0m\n                  \u001b[0m Símbolo\u001b[0m\n                \u001b[36m</li>\u001b[39m\n              \u001b[36m</ul>\u001b[39m\n            \u001b[36m</div>\u001b[39m\n          \u001b[36m</div>\u001b[39m\n          \u001b[36m<div\u001b[39m\n            \u001b[33mclass\u001b[39m=\u001b[32m\"field-group has-error\"\u001b[39m\n          \u001b[36m>\u001b[39m\n            \u001b[36m<label\u001b[39m\n              \u001b[33mfor\u001b[39m=\u001b[32m\"confirm\"\u001b[39m\n            \u001b[36m>\u001b[39m\n              \u001b[0mConfirm Password\u001b[0m\n            \u001b[36m</label>\u001b[39m\n            \u001b[36m<div\u001b[39m\n              \u001b[33mclass\u001b[39m=\u001b[32m\"password-wrapper\"\u001b[39m\n            \u001b[36m>\u001b[39m\n              \u001b[36m<input\u001b[39m\n                \u001b[33maria-describedby\u001b[39m=\u001b[32m\"err-confirm\"\u001b[39m\n                \u001b[33maria-invalid\u001b[39m=\u001b[32m\"true\"\u001b[39m\n                \u001b[33mid\u001b[39m=\u001b[32m\"confirm\"\u001b[39m\n                \u001b[33mplaceholder\u001b[39m=\u001b[32m\"Repite la contraseña\"\u001b[39m\n                \u001b[33mtype\u001b[39m=\u001b[32m\"password\"\u001b[39m\n                \u001b[33mvalue\u001b[39m=\u001b[32m\"\"\u001b[39m\n              \u001b[36m/>\u001b[39m\n              \u001b[36m<button\u001b[39m\n                \u001b[33maria-label\u001b[39m=\u001b[32m\"Mostrar confirmación\"\u001b[39m\n                \u001b[33mclass\u001b[39m=\u001b[32m\"eye-btn\"\u001b[39m\n                \u001b[33mtype\u001b[39m=\u001b[32m\"button\"\u001b[39m\n              \u001b[36m>\u001b[39m\n                \u001b[36m<span\u001b[39m\n                  \u001b[33maria-hidden\u001b[39m=\u001b[32m\"true\"\u001b[39m\n                \u001b[36m>\u001b[39m\n                  \u001b[36m<svg\u001b[39m\n                    \u001b[33mfill\u001b[39m=\u001b[32m\"none\"\u001b[39m\n                    \u001b[33mheight\u001b[39m=\u001b[32m\"22\"\u001b[39m\n                    \u001b[33mviewBox\u001b[39m=\u001b[32m\"0 0 22 22\"\u001b[39m\n                    \u001b[33mwidth\u001b[39m=\u001b[32m\"22\"\u001b[39m\n                    \u001b[33mxmlns\u001b[39m=\u001b[32m\"http://www.w3.org/2000/svg\"\u001b[39m\n                  \u001b[36m>\u001b[39m\n                    \u001b[36m<path\u001b[39m\n                      \u001b[33md\u001b[39m=\u001b[32m\"M1 11C3.5 5.5 8 3 11 3C14 3 18.5 5.5 21 11C18.5 16.5 14 19 11 19C8 19 3.5 16.5 1 11Z\"\u001b[39m\n                      \u001b[33mfill\u001b[39m=\u001b[32m\"none\"\u001b[39m\n                      \u001b[33mstroke\u001b[39m=\u001b[32m\"#566072\"\u001b[39m\n                      \u001b[33mstroke-width\u001b[39m=\u001b[32m\"2\"\u001b[39m\n                    \u001b[36m/>\u001b[39m\n                    \u001b[36m<circle\u001b[39m\n                      \u001b[33mcx\u001b[39m=\u001b[32m\"11\"\u001b[39m\n                      \u001b[33mcy\u001b[39m=\u001b[32m\"11\"\u001b[39m\n                      \u001b[33mfill\u001b[39m=\u001b[32m\"none\"\u001b[39m\n                      \u001b[33mr\u001b[39m=\u001b[32m\"4\"\u001b[39m\n                      \u001b[33mstroke\u001b[39m=\u001b[32m\"#566072\"\u001b[39m\n                      \u001b[33mstroke-width\u001b[39m=\u001b[32m\"2\"\u001b[39m\n                    \u001b[36m/>\u001b[39m\n                    \u001b[36m<line\u001b[39m\n                      \u001b[33mstroke\u001b[39m=\u001b[32m\"#566072\"\u001b[39m\n                      \u001b[33mstroke-width\u001b[39m=\u001b[32m\"2\"\u001b[39m\n                      \u001b[33mx1\u001b[39m=\u001b[32m\"5\"\u001b[39m\n                      \u001b[33mx2\u001b[39m=\u001b[32m\"17\"\u001b[39m\n                      \u001b[33my1\u001b[39m=\u001b[32m\"17\"\u001b[39m\n                      \u001b[33my2\u001b[39m=\u001b[32m\"5\"\u001b[39m\n                    \u001b[36m/>\u001b[39m\n                  \u001b[36m</svg>\u001b[39m\n                \u001b[36m</span>\u001b[39m\n              \u001b[36m</button>\u001b[39m\n            \u001b[36m</div>\u001b[39m\n            \u001b[36m<span\u001b[39m\n              \u001b[33mclass\u001b[39m=\u001b[32m\"error-msg\"\u001b[39m\n              \u001b[33mid\u001b[39m=\u001b[32m\"err-confirm\"\u001b[39m\n            \u001b[36m>\u001b[39m\n              \u001b[0mRepite la contraseña\u001b[0m\n            \u001b[36m</span>\u001b[39m\n          \u001b[36m</div>\u001b[39m\n          \u001b[36m<button\u001b[39m\n            \u001b[33mclass\u001b[39m=\u001b[32m\"primary-btn stretch\"\u001b[39m\n            \u001b[33mtype\u001b[39m=\u001b[32m\"submit\"\u001b[39m\n          \u001b[36m>\u001b[39m\n            \u001b[0mRegister\u001b[0m\n          \u001b[36m</button>\u001b[39m\n          \u001b[36m<div\u001b[39m\n            \u001b[33maria-live\u001b[39m=\u001b[32m\"assertive\"\u001b[39m\n            \u001b[33mclass\u001b[39m=\u001b[32m\"form-status toast error\"\u001b[39m\n            \u001b[33mrole\u001b[39m=\u001b[32m\"alert\"\u001b[39m\n          \u001b[36m>\u001b[39m\n            \u001b[36m<span>\u001b[39m\n              \u001b[0mRevisa los campos marcados.\u001b[0m\n            \u001b[36m</span>\u001b[39m\n            \u001b[36m<button\u001b[39m\n              \u001b[33maria-label\u001b[39m=\u001b[32m\"Cerrar notificación\"\u001b[39m\n              \u001b[33mclass\u001b[39m=\u001b[32m\"toast-close\"\u001b[39m\n              \u001b[33mtype\u001b[39m=\u001b[32m\"button\"\u001b[39m\n            \u001b[36m>\u001b[39m\n              \u001b[0m×\u001b[0m\n            \u001b[36m</button>\u001b[39m\n          \u001b[36m</div>\u001b[39m\n        \u001b[36m</form>\u001b[39m\n        \u001b[36m<div\u001b[39m\n          \u001b[33mclass\u001b[39m=\u001b[32m\"divider\"\u001b[39m\n        \u001b[36m>\u001b[39m\n          \u001b[36m<span>\u001b[39m\n            \u001b[0mOr continue with\u001b[0m\n          \u001b[36m</span>\u001b[39m\n        \u001b[36m</div>\u001b[39m\n        \u001b[36m<div\u001b[39m\n          \u001b[33maria-label\u001b[39m=\u001b[32m\"Proveedores de identidad\"\u001b[39m\n          \u001b[33mclass\u001b[39m=\u001b[32m\"providers\"\u001b[39m\n          \u001b[33mrole\u001b[39m=\u001b[32m\"group\"\u001b[39m\n        \u001b[36m>\u001b[39m\n          \u001b[36m<button\u001b[39m\n            \u001b[33maria-label\u001b[39m=\u001b[32m\"Google\"\u001b[39m\n            \u001b[33mclass\u001b[39m=\u001b[32m\"provider google\"\u001b[39m\n            \u001b[33mtype\u001b[39m=\u001b[32m\"button\"\u001b[39m\n          \u001b[36m>\u001b[39m\n            \u001b[0mG\u001b[0m\n          \u001b[36m</button>\u001b[39m\n          \u001b[36m<button\u001b[39m\n            \u001b[33maria-label\u001b[39m=\u001b[32m\"Apple\"\u001b[39m\n            \u001b[33mclass\u001b[39m=\u001b[32m\"provider apple\"\u001b[39m\n            \u001b[33mtype\u001b[39m=\u001b[32m\"button\"\u001b[39m\n          \u001b[36m>\u001b[39m\n            \u001b[0m\u001b[0m\n          \u001b[36m</button>\u001b[39m\n          \u001b[36m<button\u001b[39m\n            \u001b[33maria-label\u001b[39m=\u001b[32m\"Facebook\"\u001b[39m\n            \u001b[33mclass\u001b[39m=\u001b[32m\"provider facebook\"\u001b[39m\n            \u001b[33mtype\u001b[39m=\u001b[32m\"button\"\u001b[39m\n          \u001b[36m>\u001b[39m\n            \u001b[0mf\u001b[0m\n          \u001b[36m</button>\u001b[39m\n        \u001b[36m</div>\u001b[39m\n      \u001b[36m</div>\u001b[39m\n    \u001b[36m</div>\u001b[39m\n  \u001b[36m</div>\u001b[39m\n\u001b[36m</body>\u001b[39m\n    at waitForWrapper (C:\\Users\\User\\Desktop\\PORTFOLIO GITHUB\\Landing page\\node_modules\\@testing-library\\dom\\dist\\wait-for.js:163:27)\n    at C:\\Users\\User\\Desktop\\PORTFOLIO GITHUB\\Landing page\\node_modules\\@testing-library\\dom\\dist\\query-helpers.js:86:33\n    at C:\\Users\\User\\Desktop\\PORTFOLIO GITHUB\\Landing page\\src\\__tests__\\AuthForm.errors.test.tsx:31:25\n    at file:///C:/Users/User/Desktop/PORTFOLIO%20GITHUB/Landing%20page/node_modules/@vitest/runner/dist/chunk-hooks.js:155:11\n    at file:///C:/Users/User/Desktop/PORTFOLIO%20GITHUB/Landing%20page/node_modules/@vitest/runner/dist/chunk-hooks.js:752:26\n    at file:///C:/Users/User/Desktop/PORTFOLIO%20GITHUB/Landing%20page/node_modules/@vitest/runner/dist/chunk-hooks.js:1897:20\n    at new Promise (<anonymous>)\n    at runWithTimeout (file:///C:/Users/User/Desktop/PORTFOLIO%20GITHUB/Landing%20page/node_modules/@vitest/runner/dist/chunk-hooks.js:1863:10)\n    at runTest (file:///C:/Users/User/Desktop/PORTFOLIO%20GITHUB/Landing%20page/node_modules/@vitest/runner/dist/chunk-hooks.js:1574:12)\n    at runSuite (file:///C:/Users/User/Desktop/PORTFOLIO%20GITHUB/Landing%20page/node_modules/@vitest/runner/dist/chunk-hooks.js:1729:8)"],"meta":{}}],"startTime":1757786733959,"endTime":1757786735461.7207,"status":"failed","message":"","name":"C:/Users/User/Desktop/PORTFOLIO GITHUB/Landing page/src/__tests__/AuthForm.errors.test.tsx"}]}