{"numTotalTestSuites":2,"numPassedTestSuites":0,"numFailedTestSuites":2,"numPendingTestSuites":0,"numTotalTests":1,"numPassedTests":0,"numFailedTests":1,"numPendingTests":0,"numTodoTests":0,"snapshot":{"added":0,"failure":false,"filesAdded":0,"filesRemoved":0,"filesRemovedList":[],"filesUnmatched":0,"filesUpdated":0,"matched":0,"total":0,"unchecked":0,"uncheckedKeysByFile":[],"unmatched":0,"updated":0,"didUpdate":false},"startTime":1757786366039,"success":false,"testResults":[{"assertionResults":[{"ancestorTitles":["AuthFlow integration"],"fullName":"AuthFlow integration register -> login -> expire -> status message","status":"failed","title":"register -> login -> expire -> status message","duration":573.5344,"failureMessages":["Error: Status not found for regex: /Sesión expirada/i\n    at waitForStatus (C:\\Users\\User\\Desktop\\PORTFOLIO GITHUB\\Landing page\\src\\__tests__\\AuthFlow.integration.test.tsx:34:9)\n    at C:\\Users\\User\\Desktop\\PORTFOLIO GITHUB\\Landing page\\src\\__tests__\\AuthFlow.integration.test.tsx:117:17\n    at file:///C:/Users/User/Desktop/PORTFOLIO%20GITHUB/Landing%20page/node_modules/@vitest/runner/dist/chunk-hooks.js:752:20"],"meta":{}}],"startTime":1757786368854,"endTime":1757786369427.5344,"status":"failed","message":"","name":"C:/Users/User/Desktop/PORTFOLIO GITHUB/Landing page/src/__tests__/AuthFlow.integration.test.tsx"}]}